Copyright 1986-2018 Xilinx, Inc. All Rights Reserved.
-----------------------------------------------------------------------------------------------------------------------------------------------------------------------------------------------
| Tool Version : Vivado v.2018.1 (win64) Build 2188600 Wed Apr  4 18:40:38 MDT 2018
| Date         : Wed Feb  1 23:13:22 2023
| Host         : DESKTOP-R1IN7IV running 64-bit major release  (build 9200)
| Command      : report_methodology -file Voltimetro_toplevel_methodology_drc_routed.rpt -pb Voltimetro_toplevel_methodology_drc_routed.pb -rpx Voltimetro_toplevel_methodology_drc_routed.rpx
| Design       : Voltimetro_toplevel
| Device       : xc7a35tcsg324-1
| Speed File   : -1
| Design State : Routed
-----------------------------------------------------------------------------------------------------------------------------------------------------------------------------------------------

Report Methodology

Table of Contents
-----------------
1. REPORT SUMMARY
2. REPORT DETAILS

1. REPORT SUMMARY
-----------------
            Netlist: netlist
          Floorplan: design_1
      Design limits: <entire design considered>
             Max violations: <unlimited>
             Violations found: 25
+-----------+----------+-----------------------------+------------+
| Rule      | Severity | Description                 | Violations |
+-----------+----------+-----------------------------+------------+
| TIMING-17 | Warning  | Non-clocked sequential cell | 25         |
+-----------+----------+-----------------------------+------------+

2. REPORT DETAILS
-----------------
TIMING-17#1 Warning
Non-clocked sequential cell  
The clock pin inst_voltimetro/VGA/generador_sync_vertical/contador_ventana_pixelY/ffd_aux/q_o_reg/C is not reached by a timing clock
Related violations: <none>

TIMING-17#2 Warning
Non-clocked sequential cell  
The clock pin inst_voltimetro/VGA/generador_sync_vertical/contador_ventana_pixelY/reg_contador/q_out_reg[0]/C is not reached by a timing clock
Related violations: <none>

TIMING-17#3 Warning
Non-clocked sequential cell  
The clock pin inst_voltimetro/VGA/generador_sync_vertical/contador_ventana_pixelY/reg_contador/q_out_reg[1]/C is not reached by a timing clock
Related violations: <none>

TIMING-17#4 Warning
Non-clocked sequential cell  
The clock pin inst_voltimetro/VGA/generador_sync_vertical/contador_ventana_pixelY/reg_contador/q_out_reg[2]/C is not reached by a timing clock
Related violations: <none>

TIMING-17#5 Warning
Non-clocked sequential cell  
The clock pin inst_voltimetro/VGA/generador_sync_vertical/contador_ventana_pixelY/reg_contador/q_out_reg[3]/C is not reached by a timing clock
Related violations: <none>

TIMING-17#6 Warning
Non-clocked sequential cell  
The clock pin inst_voltimetro/VGA/generador_sync_vertical/contador_ventana_pixelY/reg_contador/q_out_reg[4]/C is not reached by a timing clock
Related violations: <none>

TIMING-17#7 Warning
Non-clocked sequential cell  
The clock pin inst_voltimetro/VGA/generador_sync_vertical/contador_ventana_pixelY/reg_contador/q_out_reg[5]/C is not reached by a timing clock
Related violations: <none>

TIMING-17#8 Warning
Non-clocked sequential cell  
The clock pin inst_voltimetro/VGA/generador_sync_vertical/contador_ventana_pixelY/reg_contador/q_out_reg[6]/C is not reached by a timing clock
Related violations: <none>

TIMING-17#9 Warning
Non-clocked sequential cell  
The clock pin inst_voltimetro/VGA/generador_sync_vertical/contador_ventana_pixelY/reg_contador/q_out_reg[7]/C is not reached by a timing clock
Related violations: <none>

TIMING-17#10 Warning
Non-clocked sequential cell  
The clock pin inst_voltimetro/VGA/generador_sync_vertical/contador_ventana_pixelY/reg_contador/q_out_reg[8]/C is not reached by a timing clock
Related violations: <none>

TIMING-17#11 Warning
Non-clocked sequential cell  
The clock pin inst_voltimetro/VGA/generador_sync_vertical/contador_ventana_pixelY/reg_contador/q_out_reg[9]/C is not reached by a timing clock
Related violations: <none>

TIMING-17#12 Warning
Non-clocked sequential cell  
The clock pin inst_voltimetro/VGA/generador_sync_vertical/fft_h_vidon/q_o_reg/C is not reached by a timing clock
Related violations: <none>

TIMING-17#13 Warning
Non-clocked sequential cell  
The clock pin inst_voltimetro/VGA/generador_sync_vertical/fft_vsync/q_o_reg/C is not reached by a timing clock
Related violations: <none>

TIMING-17#14 Warning
Non-clocked sequential cell  
The clock pin inst_voltimetro/logica/contador_pixel_aux_Y/reg_contador/q_out_reg[0]/C is not reached by a timing clock
Related violations: <none>

TIMING-17#15 Warning
Non-clocked sequential cell  
The clock pin inst_voltimetro/logica/contador_pixel_aux_Y/reg_contador/q_out_reg[1]/C is not reached by a timing clock
Related violations: <none>

TIMING-17#16 Warning
Non-clocked sequential cell  
The clock pin inst_voltimetro/logica/contador_pixel_aux_Y/reg_contador/q_out_reg[2]/C is not reached by a timing clock
Related violations: <none>

TIMING-17#17 Warning
Non-clocked sequential cell  
The clock pin inst_voltimetro/logica/contador_pixel_aux_Y/reg_contador/q_out_reg[3]/C is not reached by a timing clock
Related violations: <none>

TIMING-17#18 Warning
Non-clocked sequential cell  
The clock pin inst_voltimetro/logica/contador_pixel_aux_Y/reg_contador/q_out_reg[4]/C is not reached by a timing clock
Related violations: <none>

TIMING-17#19 Warning
Non-clocked sequential cell  
The clock pin inst_voltimetro/logica/contador_pixel_aux_Y/reg_contador/q_out_reg[5]/C is not reached by a timing clock
Related violations: <none>

TIMING-17#20 Warning
Non-clocked sequential cell  
The clock pin inst_voltimetro/logica/contador_pixel_aux_Y/reg_contador/q_out_reg[6]/C is not reached by a timing clock
Related violations: <none>

TIMING-17#21 Warning
Non-clocked sequential cell  
The clock pin inst_voltimetro/logica/contador_pixel_aux_Y/reg_contador/q_out_reg[7]/C is not reached by a timing clock
Related violations: <none>

TIMING-17#22 Warning
Non-clocked sequential cell  
The clock pin inst_voltimetro/logica/contador_pixel_aux_Y/reg_contador/q_out_reg[8]/C is not reached by a timing clock
Related violations: <none>

TIMING-17#23 Warning
Non-clocked sequential cell  
The clock pin inst_voltimetro/logica/contador_pixel_aux_Y/reg_contador/q_out_reg[9]/C is not reached by a timing clock
Related violations: <none>

TIMING-17#24 Warning
Non-clocked sequential cell  
The clock pin inst_voltimetro/logica/ffd_auxY/q_o_reg/C is not reached by a timing clock
Related violations: <none>

TIMING-17#25 Warning
Non-clocked sequential cell  
The clock pin inst_voltimetro/logica/fft_conteo_pantallaY/q_o_reg/C is not reached by a timing clock
Related violations: <none>


